#! /usr/bin/vvp
:ivl_version "12.0 (stable)";
:ivl_delay_selection "TYPICAL";
:vpi_time_precision + 0;
:vpi_module "/usr/lib/x86_64-linux-gnu/ivl/system.vpi";
:vpi_module "/usr/lib/x86_64-linux-gnu/ivl/vhdl_sys.vpi";
:vpi_module "/usr/lib/x86_64-linux-gnu/ivl/vhdl_textio.vpi";
:vpi_module "/usr/lib/x86_64-linux-gnu/ivl/v2005_math.vpi";
:vpi_module "/usr/lib/x86_64-linux-gnu/ivl/va_math.vpi";
S_0x562a6eee5570 .scope module, "word_clk" "word_clk" 2 1;
 .timescale 0 0;
    .port_info 0 /INPUT 1 "mclkin";
    .port_info 1 /OUTPUT 1 "word_clk";
P_0x562a6ef0af70 .param/l "bit_width" 1 2 10, +C4<00000000000000000000000000001000>;
P_0x562a6ef0afb0 .param/l "dec_rate" 0 2 2, +C4<00000000000000000000000100000000>;
o0x7f6ac8a33018 .functor BUFZ 1, C4<z>; HiZ drive
v0x562a6eee7400_0 .net "mclkin", 0 0, o0x7f6ac8a33018;  0 drivers
v0x562a6ef2ed00_0 .var "word_clk", 0 0;
v0x562a6ef2edc0_0 .var "word_count", 8 0;
E_0x562a6eee5db0 .event posedge, v0x562a6eee7400_0;
    .scope S_0x562a6eee5570;
T_0 ;
    %pushi/vec4 0, 0, 1;
    %store/vec4 v0x562a6ef2ed00_0, 0, 1;
    %pushi/vec4 0, 0, 9;
    %store/vec4 v0x562a6ef2edc0_0, 0, 9;
    %end;
    .thread T_0;
    .scope S_0x562a6eee5570;
T_1 ;
    %wait E_0x562a6eee5db0;
    %load/vec4 v0x562a6ef2edc0_0;
    %addi 1, 0, 9;
    %assign/vec4 v0x562a6ef2edc0_0, 0;
    %load/vec4 v0x562a6ef2edc0_0;
    %pad/u 32;
    %cmpi/e 255, 0, 32;
    %jmp/0xz  T_1.0, 4;
    %pushi/vec4 0, 0, 9;
    %assign/vec4 v0x562a6ef2edc0_0, 0;
    %pushi/vec4 0, 0, 1;
    %assign/vec4 v0x562a6ef2ed00_0, 0;
    %jmp T_1.1;
T_1.0 ;
    %load/vec4 v0x562a6ef2edc0_0;
    %pad/u 32;
    %cmpi/e 127, 0, 32;
    %jmp/0xz  T_1.2, 4;
    %pushi/vec4 1, 0, 1;
    %assign/vec4 v0x562a6ef2ed00_0, 0;
T_1.2 ;
T_1.1 ;
    %jmp T_1;
    .thread T_1;
# The file index is used to find the file name in the following table.
:file_names 3;
    "N/A";
    "<interactive>";
    "rtl/word_clk.v";
